Requirement already satisfied: python-telegram-bot in ./venv/lib/python3.11/site-packages (21.7)
Requirement already satisfied: httpx~=0.27 in ./venv/lib/python3.11/site-packages (from python-telegram-bot) (0.28.1)
Requirement already satisfied: anyio in ./venv/lib/python3.11/site-packages (from httpx~=0.27->python-telegram-bot) (4.10.0)
Requirement already satisfied: certifi in ./venv/lib/python3.11/site-packages (from httpx~=0.27->python-telegram-bot) (2025.8.3)
Requirement already satisfied: httpcore==1.* in ./venv/lib/python3.11/site-packages (from httpx~=0.27->python-telegram-bot) (1.0.9)
Requirement already satisfied: idna in ./venv/lib/python3.11/site-packages (from httpx~=0.27->python-telegram-bot) (3.10)
Requirement already satisfied: h11>=0.16 in ./venv/lib/python3.11/site-packages (from httpcore==1.*->httpx~=0.27->python-telegram-bot) (0.16.0)
Requirement already satisfied: sniffio>=1.1 in ./venv/lib/python3.11/site-packages (from anyio->httpx~=0.27->python-telegram-bot) (1.3.1)
Requirement already satisfied: typing_extensions>=4.5 in ./venv/lib/python3.11/site-packages (from anyio->httpx~=0.27->python-telegram-bot) (4.15.0)
Requirement already satisfied: fastapi==0.115.6 in ./venv/lib/python3.11/site-packages (from -r requirements.txt (line 2)) (0.115.6)
Requirement already satisfied: uvicorn[standard]==0.34.0 in ./venv/lib/python3.11/site-packages (from -r requirements.txt (line 3)) (0.34.0)
Requirement already satisfied: jinja2==3.1.4 in ./venv/lib/python3.11/site-packages (from -r requirements.txt (line 4)) (3.1.4)
Requirement already satisfied: sqlalchemy==2.0.35 in ./venv/lib/python3.11/site-packages (from -r requirements.txt (line 7)) (2.0.35)
Requirement already satisfied: pydantic==2.9.2 in ./venv/lib/python3.11/site-packages (from -r requirements.txt (line 10)) (2.9.2)
Requirement already satisfied: passlib[bcrypt]==1.7.4 in ./venv/lib/python3.11/site-packages (from -r requirements.txt (line 13)) (1.7.4)
Requirement already satisfied: PyJWT==2.9.0 in ./venv/lib/python3.11/site-packages (from -r requirements.txt (line 14)) (2.9.0)
Requirement already satisfied: itsdangerous==2.2.0 in ./venv/lib/python3.11/site-packages (from -r requirements.txt (line 15)) (2.2.0)
Requirement already satisfied: python-multipart==0.0.12 in ./venv/lib/python3.11/site-packages (from -r requirements.txt (line 18)) (0.0.12)
Requirement already satisfied: openpyxl==3.1.5 in ./venv/lib/python3.11/site-packages (from -r requirements.txt (line 19)) (3.1.5)
Requirement already satisfied: python-dotenv==1.0.0 in ./venv/lib/python3.11/site-packages (from -r requirements.txt (line 22)) (1.0.0)
Requirement already satisfied: python-telegram-bot==21.7 in ./venv/lib/python3.11/site-packages (from -r requirements.txt (line 25)) (21.7)
Requirement already satisfied: qrcode==8.0 in ./venv/lib/python3.11/site-packages (from -r requirements.txt (line 28)) (8.0)
Requirement already satisfied: Pillow==10.4.0 in ./venv/lib/python3.11/site-packages (from -r requirements.txt (line 29)) (10.4.0)
Requirement already satisfied: gunicorn==23.0.0 in ./venv/lib/python3.11/site-packages (from -r requirements.txt (line 32)) (23.0.0)
Requirement already satisfied: psycopg2-binary==2.9.9 in ./venv/lib/python3.11/site-packages (from -r requirements.txt (line 33)) (2.9.9)
Requirement already satisfied: requests==2.32.3 in ./venv/lib/python3.11/site-packages (from -r requirements.txt (line 36)) (2.32.3)
Requirement already satisfied: starlette<0.42.0,>=0.40.0 in ./venv/lib/python3.11/site-packages (from fastapi==0.115.6->-r requirements.txt (line 2)) (0.41.3)
Requirement already satisfied: typing-extensions>=4.8.0 in ./venv/lib/python3.11/site-packages (from fastapi==0.115.6->-r requirements.txt (line 2)) (4.15.0)
Requirement already satisfied: click>=7.0 in ./venv/lib/python3.11/site-packages (from uvicorn[standard]==0.34.0->-r requirements.txt (line 3)) (8.2.1)
Requirement already satisfied: h11>=0.8 in ./venv/lib/python3.11/site-packages (from uvicorn[standard]==0.34.0->-r requirements.txt (line 3)) (0.16.0)
Requirement already satisfied: httptools>=0.6.3 in ./venv/lib/python3.11/site-packages (from uvicorn[standard]==0.34.0->-r requirements.txt (line 3)) (0.6.4)
Requirement already satisfied: pyyaml>=5.1 in ./venv/lib/python3.11/site-packages (from uvicorn[standard]==0.34.0->-r requirements.txt (line 3)) (6.0.2)
Requirement already satisfied: uvloop!=0.15.0,!=0.15.1,>=0.14.0 in ./venv/lib/python3.11/site-packages (from uvicorn[standard]==0.34.0->-r requirements.txt (line 3)) (0.21.0)
Requirement already satisfied: watchfiles>=0.13 in ./venv/lib/python3.11/site-packages (from uvicorn[standard]==0.34.0->-r requirements.txt (line 3)) (1.1.0)
Requirement already satisfied: websockets>=10.4 in ./venv/lib/python3.11/site-packages (from uvicorn[standard]==0.34.0->-r requirements.txt (line 3)) (15.0.1)
Requirement already satisfied: MarkupSafe>=2.0 in ./venv/lib/python3.11/site-packages (from jinja2==3.1.4->-r requirements.txt (line 4)) (3.0.2)
Requirement already satisfied: greenlet!=0.4.17 in ./venv/lib/python3.11/site-packages (from sqlalchemy==2.0.35->-r requirements.txt (line 7)) (3.2.4)
Requirement already satisfied: annotated-types>=0.6.0 in ./venv/lib/python3.11/site-packages (from pydantic==2.9.2->-r requirements.txt (line 10)) (0.7.0)
Requirement already satisfied: pydantic-core==2.23.4 in ./venv/lib/python3.11/site-packages (from pydantic==2.9.2->-r requirements.txt (line 10)) (2.23.4)
Requirement already satisfied: bcrypt>=3.1.0 in ./venv/lib/python3.11/site-packages (from passlib[bcrypt]==1.7.4->-r requirements.txt (line 13)) (3.2.2)
Requirement already satisfied: et-xmlfile in ./venv/lib/python3.11/site-packages (from openpyxl==3.1.5->-r requirements.txt (line 19)) (2.0.0)
Requirement already satisfied: httpx~=0.27 in ./venv/lib/python3.11/site-packages (from python-telegram-bot==21.7->-r requirements.txt (line 25)) (0.28.1)
Requirement already satisfied: packaging in ./venv/lib/python3.11/site-packages (from gunicorn==23.0.0->-r requirements.txt (line 32)) (25.0)
Requirement already satisfied: charset-normalizer<4,>=2 in ./venv/lib/python3.11/site-packages (from requests==2.32.3->-r requirements.txt (line 36)) (3.4.3)
Requirement already satisfied: idna<4,>=2.5 in ./venv/lib/python3.11/site-packages (from requests==2.32.3->-r requirements.txt (line 36)) (3.10)
Requirement already satisfied: urllib3<3,>=1.21.1 in ./venv/lib/python3.11/site-packages (from requests==2.32.3->-r requirements.txt (line 36)) (2.5.0)
Requirement already satisfied: certifi>=2017.4.17 in ./venv/lib/python3.11/site-packages (from requests==2.32.3->-r requirements.txt (line 36)) (2025.8.3)
Requirement already satisfied: cffi>=1.1 in ./venv/lib/python3.11/site-packages (from bcrypt>=3.1.0->passlib[bcrypt]==1.7.4->-r requirements.txt (line 13)) (2.0.0)
Requirement already satisfied: anyio in ./venv/lib/python3.11/site-packages (from httpx~=0.27->python-telegram-bot==21.7->-r requirements.txt (line 25)) (4.10.0)
Requirement already satisfied: httpcore==1.* in ./venv/lib/python3.11/site-packages (from httpx~=0.27->python-telegram-bot==21.7->-r requirements.txt (line 25)) (1.0.9)
Requirement already satisfied: sniffio>=1.1 in ./venv/lib/python3.11/site-packages (from anyio->httpx~=0.27->python-telegram-bot==21.7->-r requirements.txt (line 25)) (1.3.1)
Requirement already satisfied: pycparser in ./venv/lib/python3.11/site-packages (from cffi>=1.1->bcrypt>=3.1.0->passlib[bcrypt]==1.7.4->-r requirements.txt (line 13)) (2.23)
