[2025-09-11 16:39:15 +0300] [162992] [INFO] Starting gunicorn 23.0.0
[2025-09-11 16:39:15 +0300] [162992] [INFO] Listening at: http://0.0.0.0:8000 (162992)
[2025-09-11 16:39:15 +0300] [162992] [INFO] Using worker: uvicorn.workers.UvicornWorker
[2025-09-11 16:39:15 +0300] [163008] [INFO] Booting worker with pid: 163008
[2025-09-11 16:39:15 +0300] [163009] [INFO] Booting worker with pid: 163009
[2025-09-11 16:39:15 +0300] [163010] [INFO] Booting worker with pid: 163010
[2025-09-11 16:39:15 +0300] [163011] [INFO] Booting worker with pid: 163011
[2025-09-11 16:39:18 +0300] [163010] [INFO] Started server process [163010]
[2025-09-11 16:39:18 +0300] [163010] [INFO] Waiting for application startup.
[2025-09-11 16:39:18 +0300] [163011] [INFO] Started server process [163011]
[2025-09-11 16:39:18 +0300] [163011] [INFO] Waiting for application startup.
[2025-09-11 16:39:18 +0300] [163009] [INFO] Started server process [163009]
[2025-09-11 16:39:18 +0300] [163009] [INFO] Waiting for application startup.
[2025-09-11 16:39:18 +0300] [163011] [INFO] Application startup complete.
[2025-09-11 16:39:18 +0300] [163008] [INFO] Started server process [163008]
[2025-09-11 16:39:18 +0300] [163008] [INFO] Waiting for application startup.
[2025-09-11 16:39:18 +0300] [163010] [INFO] Application startup complete.
[2025-09-11 16:39:18 +0300] [163009] [INFO] Application startup complete.
[2025-09-11 16:39:18 +0300] [163008] [INFO] Application startup complete.
[2025-09-11 18:37:03 +0300] [163009] [WARNING] Invalid HTTP request received.
[2025-09-11 21:03:03 +0300] [163010] [WARNING] Invalid HTTP request received.
[2025-09-11 23:19:04 +0300] [163010] [WARNING] Invalid HTTP request received.
[2025-09-12 02:07:38 +0300] [163010] [WARNING] Invalid HTTP request received.
[2025-09-12 04:15:44 +0300] [163009] [WARNING] Invalid HTTP request received.
[2025-09-12 05:21:05 +0300] [163008] [WARNING] Invalid HTTP request received.
[2025-09-12 06:39:36 +0300] [163008] [WARNING] Invalid HTTP request received.
[2025-09-12 07:10:36 +0300] [163008] [WARNING] Invalid HTTP request received.
[2025-09-12 10:03:14 +0300] [163008] [WARNING] Invalid HTTP request received.
[2025-09-12 12:16:08 +0300] [163010] [WARNING] Invalid HTTP request received.
[2025-09-12 13:48:04 +0300] [163008] [WARNING] Invalid HTTP request received.
[2025-09-12 14:54:03 +0300] [163010] [WARNING] Invalid HTTP request received.
[2025-09-12 18:36:46 +0300] [162992] [ERROR] Worker (pid:163010) was sent SIGHUP!
[2025-09-12 18:36:46 +0300] [162992] [ERROR] Worker (pid:163011) was sent SIGHUP!
[2025-09-12 18:36:46 +0300] [162992] [ERROR] Worker (pid:163008) was sent SIGHUP!
[2025-09-12 18:36:46 +0300] [162992] [ERROR] Worker (pid:163009) was sent SIGHUP!
[2025-09-12 18:36:46 +0300] [380624] [INFO] Booting worker with pid: 380624
[2025-09-12 18:36:46 +0300] [380627] [INFO] Booting worker with pid: 380627
[2025-09-12 18:36:46 +0300] [162992] [INFO] Handling signal: hup
[2025-09-12 18:36:46 +0300] [162992] [INFO] Hang up: Master
[2025-09-12 18:36:46 +0300] [162992] [ERROR] Worker (pid:380624) was sent SIGTERM!
[2025-09-12 18:36:46 +0300] [162992] [ERROR] Worker (pid:380627) was sent SIGTERM!
[2025-09-12 18:36:46 +0300] [380631] [INFO] Booting worker with pid: 380631
[2025-09-12 18:36:46 +0300] [380630] [INFO] Booting worker with pid: 380630
[2025-09-12 18:36:46 +0300] [380628] [INFO] Booting worker with pid: 380628
[2025-09-12 18:36:46 +0300] [380629] [INFO] Booting worker with pid: 380629
[2025-09-12 18:36:48 +0300] [380631] [INFO] Started server process [380631]
[2025-09-12 18:36:48 +0300] [380631] [INFO] Waiting for application startup.
[2025-09-12 18:36:48 +0300] [380630] [INFO] Started server process [380630]
[2025-09-12 18:36:48 +0300] [380630] [INFO] Waiting for application startup.
[2025-09-12 18:36:48 +0300] [380629] [INFO] Started server process [380629]
[2025-09-12 18:36:48 +0300] [380629] [INFO] Waiting for application startup.
[2025-09-12 18:36:48 +0300] [380628] [INFO] Started server process [380628]
[2025-09-12 18:36:48 +0300] [380628] [INFO] Waiting for application startup.
[2025-09-12 18:36:48 +0300] [380629] [INFO] Application startup complete.
[2025-09-12 18:36:48 +0300] [380628] [INFO] Application startup complete.
[2025-09-12 18:36:48 +0300] [380630] [INFO] Application startup complete.
[2025-09-12 18:36:48 +0300] [380631] [INFO] Application startup complete.
[2025-09-12 18:49:12 +0300] [380631] [WARNING] Invalid HTTP request received.
[2025-09-12 19:23:32 +0300] [380631] [WARNING] Invalid HTTP request received.
[2025-09-12 19:49:56 +0300] [380628] [WARNING] Invalid HTTP request received.
[2025-09-12 20:22:02 +0300] [380631] [WARNING] Invalid HTTP request received.
[2025-09-12 20:22:02 +0300] [380629] [WARNING] Invalid HTTP request received.
[2025-09-12 21:37:09 +0300] [380631] [WARNING] Invalid HTTP request received.
[2025-09-12 21:37:12 +0300] [380630] [WARNING] Invalid HTTP request received.
[2025-09-12 22:32:43 +0300] [380631] [WARNING] Invalid HTTP request received.
[2025-09-12 22:32:48 +0300] [380631] [WARNING] Invalid HTTP request received.
[2025-09-12 22:49:35 +0300] [380628] [WARNING] Invalid HTTP request received.
[2025-09-12 23:49:10 +0300] [380628] [WARNING] Invalid HTTP request received.
[2025-09-13 00:01:29 +0300] [380629] [WARNING] Invalid HTTP request received.
[2025-09-13 00:29:53 +0300] [380629] [WARNING] Invalid HTTP request received.
[2025-09-13 00:29:54 +0300] [380631] [WARNING] Invalid HTTP request received.
[2025-09-13 00:34:00 +0300] [380631] [WARNING] Invalid HTTP request received.
[2025-09-13 00:47:16 +0300] [380628] [WARNING] Invalid HTTP request received.
[2025-09-13 01:31:31 +0300] [380629] [WARNING] Invalid HTTP request received.
[2025-09-13 02:12:37 +0300] [380629] [WARNING] Invalid HTTP request received.
[2025-09-13 06:07:29 +0300] [380631] [WARNING] Invalid HTTP request received.
[2025-09-13 08:15:59 +0300] [380629] [WARNING] Invalid HTTP request received.
[2025-09-13 09:44:34 +0300] [380631] [WARNING] Invalid HTTP request received.
[2025-09-13 10:01:31 +0300] [380631] [WARNING] Invalid HTTP request received.
[2025-09-13 10:17:53 +0300] [380631] [WARNING] Invalid HTTP request received.
[2025-09-13 11:43:49 +0300] [380628] [WARNING] Invalid HTTP request received.
[2025-09-13 12:06:54 +0300] [380628] [WARNING] Invalid HTTP request received.
[2025-09-13 12:28:30 +0300] [380628] [WARNING] Invalid HTTP request received.
[2025-09-13 17:25:28 +0300] [380628] [WARNING] Invalid HTTP request received.
[2025-09-13 20:45:48 +0300] [380630] [WARNING] Invalid HTTP request received.
[2025-09-13 21:04:44 +0300] [380630] [WARNING] Invalid HTTP request received.
[2025-09-13 21:04:48 +0300] [380631] [WARNING] Invalid HTTP request received.
[2025-09-13 21:13:07 +0300] [380630] [WARNING] Invalid HTTP request received.
[2025-09-13 21:35:29 +0300] [380630] [WARNING] Invalid HTTP request received.
[2025-09-13 22:34:02 +0300] [380630] [WARNING] Invalid HTTP request received.
[2025-09-13 23:00:45 +0300] [380630] [WARNING] Invalid HTTP request received.
[2025-09-13 23:14:07 +0300] [380628] [WARNING] Invalid HTTP request received.
[2025-09-14 00:04:33 +0300] [380631] [WARNING] Invalid HTTP request received.
[2025-09-14 01:25:43 +0300] [380630] [WARNING] Invalid HTTP request received.
[2025-09-14 01:41:13 +0300] [380630] [WARNING] Invalid HTTP request received.
[2025-09-14 01:41:13 +0300] [380629] [WARNING] Invalid HTTP request received.
[2025-09-14 02:26:32 +0300] [380630] [WARNING] Invalid HTTP request received.
[2025-09-14 02:56:32 +0300] [380628] [WARNING] Invalid HTTP request received.
[2025-09-14 03:32:50 +0300] [380628] [WARNING] Invalid HTTP request received.
[2025-09-14 03:38:31 +0300] [380628] [WARNING] Invalid HTTP request received.
[2025-09-14 04:20:26 +0300] [380631] [WARNING] Invalid HTTP request received.
[2025-09-14 04:59:26 +0300] [380629] [WARNING] Invalid HTTP request received.
[2025-09-14 05:02:24 +0300] [380631] [WARNING] Invalid HTTP request received.
[2025-09-14 05:44:27 +0300] [380629] [WARNING] Invalid HTTP request received.
[2025-09-14 06:26:30 +0300] [380629] [WARNING] Invalid HTTP request received.
[2025-09-14 07:00:09 +0300] [380628] [WARNING] Invalid HTTP request received.
[2025-09-14 07:00:10 +0300] [380629] [WARNING] Invalid HTTP request received.
[2025-09-14 07:08:23 +0300] [380628] [WARNING] Invalid HTTP request received.
[2025-09-14 07:50:29 +0300] [380631] [WARNING] Invalid HTTP request received.
[2025-09-14 08:32:39 +0300] [380629] [WARNING] Invalid HTTP request received.
[2025-09-14 09:14:50 +0300] [380628] [WARNING] Invalid HTTP request received.
[2025-09-14 10:05:34 +0300] [380630] [WARNING] Invalid HTTP request received.
[2025-09-14 10:42:01 +0300] [380629] [WARNING] Invalid HTTP request received.
[2025-09-14 10:48:14 +0300] [380630] [WARNING] Invalid HTTP request received.
[2025-09-14 11:30:50 +0300] [380630] [WARNING] Invalid HTTP request received.
[2025-09-14 12:21:06 +0300] [380630] [WARNING] Invalid HTTP request received.
[2025-09-14 12:34:16 +0300] [380630] [WARNING] Invalid HTTP request received.
[2025-09-14 13:27:10 +0300] [380631] [WARNING] Invalid HTTP request received.
[2025-09-14 14:10:13 +0300] [380628] [WARNING] Invalid HTTP request received.
[2025-09-14 14:26:48 +0300] [380631] [WARNING] Invalid HTTP request received.
[2025-09-14 14:26:52 +0300] [380630] [WARNING] Invalid HTTP request received.
[2025-09-14 14:56:07 +0300] [380629] [WARNING] Invalid HTTP request received.
[2025-09-14 15:39:24 +0300] [380631] [WARNING] Invalid HTTP request received.
[2025-09-14 16:02:07 +0300] [380630] [WARNING] Invalid HTTP request received.
[2025-09-14 16:38:25 +0300] [380631] [WARNING] Invalid HTTP request received.
[2025-09-14 17:22:16 +0300] [380631] [WARNING] Invalid HTTP request received.
[2025-09-14 17:46:10 +0300] [380628] [WARNING] Invalid HTTP request received.
[2025-09-14 17:46:10 +0300] [380631] [WARNING] Invalid HTTP request received.
[2025-09-14 17:46:10 +0300] [380631] [WARNING] Invalid HTTP request received.
[2025-09-14 17:46:10 +0300] [380629] [WARNING] Invalid HTTP request received.
[2025-09-14 17:46:10 +0300] [380628] [WARNING] Invalid HTTP request received.
[2025-09-14 17:46:10 +0300] [380628] [WARNING] Invalid HTTP request received.
[2025-09-14 17:46:10 +0300] [380631] [WARNING] Invalid HTTP request received.
[2025-09-14 17:46:11 +0300] [380628] [WARNING] Invalid HTTP request received.
[2025-09-14 17:46:11 +0300] [380629] [WARNING] Invalid HTTP request received.
[2025-09-14 18:27:36 +0300] [380628] [WARNING] Invalid HTTP request received.
[2025-09-14 19:07:28 +0300] [380629] [WARNING] Invalid HTTP request received.
[2025-09-14 19:15:25 +0300] [380631] [WARNING] Invalid HTTP request received.
[2025-09-14 19:59:23 +0300] [380628] [WARNING] Invalid HTTP request received.
[2025-09-14 20:43:54 +0300] [380628] [WARNING] Invalid HTTP request received.
[2025-09-14 20:44:00 +0300] [380628] [WARNING] Invalid HTTP request received.
[2025-09-14 20:55:08 +0300] [380631] [WARNING] Invalid HTTP request received.
[2025-09-14 20:57:48 +0300] [380631] [WARNING] Invalid HTTP request received.
[2025-09-14 21:27:51 +0300] [380630] [WARNING] Invalid HTTP request received.
[2025-09-14 22:16:50 +0300] [380630] [WARNING] Invalid HTTP request received.
[2025-09-14 23:00:41 +0300] [380629] [WARNING] Invalid HTTP request received.
[2025-09-14 23:05:46 +0300] [380631] [WARNING] Invalid HTTP request received.
[2025-09-14 23:44:17 +0300] [380628] [WARNING] Invalid HTTP request received.
[2025-09-14 23:59:13 +0300] [380629] [WARNING] Invalid HTTP request received.
[2025-09-15 00:26:58 +0300] [380631] [WARNING] Invalid HTTP request received.
[2025-09-15 01:04:43 +0300] [380628] [WARNING] Invalid HTTP request received.
[2025-09-15 01:04:43 +0300] [380631] [WARNING] Invalid HTTP request received.
[2025-09-15 01:08:50 +0300] [380631] [WARNING] Invalid HTTP request received.
[2025-09-15 01:36:44 +0300] [380630] [WARNING] Invalid HTTP request received.
[2025-09-15 01:51:13 +0300] [380630] [WARNING] Invalid HTTP request received.
[2025-09-15 01:51:23 +0300] [380629] [WARNING] Invalid HTTP request received.
[2025-09-15 02:17:56 +0300] [380631] [WARNING] Invalid HTTP request received.
[2025-09-15 02:33:53 +0300] [380630] [WARNING] Invalid HTTP request received.
[2025-09-15 03:15:45 +0300] [380630] [WARNING] Invalid HTTP request received.
[2025-09-15 03:44:51 +0300] [380630] [WARNING] Invalid HTTP request received.
[2025-09-15 03:57:48 +0300] [380630] [WARNING] Invalid HTTP request received.
[2025-09-15 04:17:46 +0300] [380630] [WARNING] Invalid HTTP request received.
[2025-09-15 04:17:46 +0300] [380628] [WARNING] Invalid HTTP request received.
[2025-09-15 04:39:50 +0300] [380628] [WARNING] Invalid HTTP request received.
[2025-09-15 04:52:39 +0300] [380631] [WARNING] Invalid HTTP request received.
[2025-09-15 04:52:39 +0300] [380631] [WARNING] Invalid HTTP request received.
[2025-09-15 05:21:55 +0300] [380628] [WARNING] Invalid HTTP request received.
[2025-09-15 05:36:33 +0300] [380628] [WARNING] Invalid HTTP request received.
[2025-09-15 06:09:45 +0300] [380628] [WARNING] Invalid HTTP request received.
[2025-09-15 06:13:37 +0300] [380631] [WARNING] Invalid HTTP request received.
[2025-09-15 06:13:37 +0300] [380629] [WARNING] Invalid HTTP request received.
[2025-09-15 06:51:46 +0300] [380629] [WARNING] Invalid HTTP request received.
[2025-09-15 07:07:55 +0300] [380628] [WARNING] Invalid HTTP request received.
[2025-09-15 08:26:55 +0300] [380631] [WARNING] Invalid HTTP request received.
[2025-09-15 09:08:39 +0300] [380631] [WARNING] Invalid HTTP request received.
[2025-09-15 09:17:42 +0300] [380630] [WARNING] Invalid HTTP request received.
[2025-09-15 09:50:29 +0300] [380631] [WARNING] Invalid HTTP request received.
[2025-09-15 10:18:19 +0300] [380628] [WARNING] Invalid HTTP request received.
[2025-09-15 10:31:28 +0300] [380631] [WARNING] Invalid HTTP request received.
[2025-09-15 11:12:29 +0300] [380629] [WARNING] Invalid HTTP request received.
[2025-09-15 11:15:08 +0300] [380629] [WARNING] Invalid HTTP request received.
[2025-09-15 11:15:58 +0300] [380628] [WARNING] Invalid HTTP request received.
[2025-09-15 11:21:31 +0300] [380630] [WARNING] Invalid HTTP request received.
[2025-09-15 11:53:31 +0300] [380631] [WARNING] Invalid HTTP request received.
[2025-09-15 12:12:34 +0300] [380630] [WARNING] Invalid HTTP request received.
[2025-09-15 12:35:33 +0300] [380631] [WARNING] Invalid HTTP request received.
[2025-09-15 13:05:23 +0300] [380630] [WARNING] Invalid HTTP request received.
[2025-09-15 13:16:44 +0300] [380628] [WARNING] Invalid HTTP request received.
[2025-09-15 13:58:12 +0300] [380629] [WARNING] Invalid HTTP request received.
[2025-09-15 13:58:35 +0300] [380630] [WARNING] Invalid HTTP request received.
[2025-09-15 14:40:39 +0300] [380630] [WARNING] Invalid HTTP request received.
[2025-09-15 14:51:09 +0300] [380630] [WARNING] Invalid HTTP request received.
[2025-09-15 14:56:03 +0300] [380631] [WARNING] Invalid HTTP request received.
[2025-09-15 15:22:30 +0300] [380629] [WARNING] Invalid HTTP request received.
[2025-09-15 15:37:54 +0300] [380630] [WARNING] Invalid HTTP request received.
[2025-09-15 15:57:04 +0300] [380628] [WARNING] Invalid HTTP request received.
[2025-09-15 16:03:25 +0300] [380631] [WARNING] Invalid HTTP request received.
[2025-09-15 16:44:24 +0300] [380628] [WARNING] Invalid HTTP request received.
[2025-09-15 16:55:42 +0300] [380629] [WARNING] Invalid HTTP request received.
[2025-09-15 17:25:26 +0300] [380631] [WARNING] Invalid HTTP request received.
